
/Users/joakim/ewk/ewk_mbj_ntuples/histfitter/2.4.28-0-1-77-gd12fe93/user.jolsson.mc15_13TeV.100001.MGPy8EG_A14N23LO_C1N2_Wh_300p0_0p0_bbqq_J10.DAOD_SUSY10.20170726_AFII_EXT0.merged
100000.0
103748.505956

/Users/joakim/ewk/ewk_mbj_ntuples/histfitter/2.4.28-0-1-77-gd12fe93/user.jolsson.mc15_13TeV.100002.MGPy8EG_A14N23LO_C1N2_Wh_300p0_50p0_bbqq_J10.DAOD_SUSY10.20170726_AFII_EXT0.merged
93000.0
96624.5536147

/Users/joakim/ewk/ewk_mbj_ntuples/histfitter/2.4.28-0-1-77-gd12fe93/user.jolsson.mc15_13TeV.100003.MGPy8EG_A14N23LO_C1N2_Wh_300p0_100p0_bbqq_J10.DAOD_SUSY10.20170726_AFII_EXT0.merged
100000.0
103712.857996

/Users/joakim/ewk/ewk_mbj_ntuples/histfitter/2.4.28-0-1-77-gd12fe93/user.jolsson.mc15_13TeV.100004.MGPy8EG_A14N23LO_C1N2_Wh_350p0_0p0_bbqq_J10.DAOD_SUSY10.20170726_AFII_EXT0.merged
99000.0
101987.427274

/Users/joakim/ewk/ewk_mbj_ntuples/histfitter/2.4.28-0-1-77-gd12fe93/user.jolsson.mc15_13TeV.100005.MGPy8EG_A14N23LO_C1N2_Wh_350p0_50p0_bbqq_J10.DAOD_SUSY10.20170726_AFII_EXT0.merged
94650.0
97505.8881587

/Users/joakim/ewk/ewk_mbj_ntuples/histfitter/2.4.28-0-1-77-gd12fe93/user.jolsson.mc15_13TeV.100006.MGPy8EG_A14N23LO_C1N2_Wh_350p0_100p0_bbqq_J10.DAOD_SUSY10.20170726_AFII_EXT0.merged
93500.0
96340.2540536

/Users/joakim/ewk/ewk_mbj_ntuples/histfitter/2.4.28-0-1-77-gd12fe93/user.jolsson.mc15_13TeV.100007.MGPy8EG_A14N23LO_C1N2_Wh_400p0_0p0_bbqq_J10.DAOD_SUSY10.20170726_AFII_EXT0.merged
100000.0
102942.452747

/Users/joakim/ewk/ewk_mbj_ntuples/histfitter/2.4.28-0-1-77-gd12fe93/user.jolsson.mc15_13TeV.100008.MGPy8EG_A14N23LO_C1N2_Wh_400p0_50p0_bbqq_J10.DAOD_SUSY10.20170726_AFII_EXT0.merged
100000.0
102760.171493

/Users/joakim/ewk/ewk_mbj_ntuples/histfitter/2.4.28-0-1-77-gd12fe93/user.jolsson.mc15_13TeV.100009.MGPy8EG_A14N23LO_C1N2_Wh_400p0_100p0_bbqq_J10.DAOD_SUSY10.20170726_AFII_EXT0.merged
100000.0
102972.184716

/Users/joakim/ewk/ewk_mbj_ntuples/histfitter/2.4.28-0-1-77-gd12fe93/user.jolsson.mc15_13TeV.100010.MGPy8EG_A14N23LO_C1N2_Wh_450p0_0p0_bbqq_J10.DAOD_SUSY10.20170726_AFII_EXT0.merged
93600.0
96225.5202785

/Users/joakim/ewk/ewk_mbj_ntuples/histfitter/2.4.28-0-1-77-gd12fe93/user.jolsson.mc15_13TeV.100011.MGPy8EG_A14N23LO_C1N2_Wh_450p0_50p0_bbqq_J10.DAOD_SUSY10.20170726_AFII_EXT0.merged
100000.0
102944.763509

/Users/joakim/ewk/ewk_mbj_ntuples/histfitter/2.4.28-0-1-77-gd12fe93/user.jolsson.mc15_13TeV.100012.MGPy8EG_A14N23LO_C1N2_Wh_450p0_100p0_bbqq_J10.DAOD_SUSY10.20170726_AFII_EXT0.merged
88500.0
91151.8599367

/Users/joakim/ewk/ewk_mbj_ntuples/histfitter/2.4.28-0-1-77-gd12fe93/user.jolsson.mc15_13TeV.100013.MGPy8EG_A14N23LO_C1N2_Wh_450p0_150p0_bbqq_J10.DAOD_SUSY10.20170726_AFII_EXT0.merged
99000.0
101881.286886

/Users/joakim/ewk/ewk_mbj_ntuples/histfitter/2.4.28-0-1-77-gd12fe93/user.jolsson.mc15_13TeV.100014.MGPy8EG_A14N23LO_C1N2_Wh_500p0_0p0_bbqq_J10.DAOD_SUSY10.20170726_AFII_EXT0.merged
50000.0
51329.9693573

/Users/joakim/ewk/ewk_mbj_ntuples/histfitter/2.4.28-0-1-77-gd12fe93/user.jolsson.mc15_13TeV.100015.MGPy8EG_A14N23LO_C1N2_Wh_500p0_50p0_bbqq_J10.DAOD_SUSY10.20170726_AFII_EXT0.merged
49700.0
51149.8418089

/Users/joakim/ewk/ewk_mbj_ntuples/histfitter/2.4.28-0-1-77-gd12fe93/user.jolsson.mc15_13TeV.100016.MGPy8EG_A14N23LO_C1N2_Wh_500p0_100p0_bbqq_J10.DAOD_SUSY10.20170726_AFII_EXT0.merged
50000.0
51261.9247723

/Users/joakim/ewk/ewk_mbj_ntuples/histfitter/2.4.28-0-1-77-gd12fe93/user.jolsson.mc15_13TeV.100017.MGPy8EG_A14N23LO_C1N2_Wh_500p0_150p0_bbqq_J10.DAOD_SUSY10.20170726_AFII_EXT0.merged
50000.0
51436.1622882

/Users/joakim/ewk/ewk_mbj_ntuples/histfitter/2.4.28-0-1-77-gd12fe93/user.jolsson.mc15_13TeV.100018.MGPy8EG_A14N23LO_C1N2_Wh_500p0_200p0_bbqq_J10.DAOD_SUSY10.20170726_AFII_EXT0.merged
50000.0
51470.8994949

/Users/joakim/ewk/ewk_mbj_ntuples/histfitter/2.4.28-0-1-77-gd12fe93/user.jolsson.mc15_13TeV.100019.MGPy8EG_A14N23LO_C1N2_Wh_550p0_0p0_bbqq_J10.DAOD_SUSY10.20170726_AFII_EXT0.merged
49300.0
50469.6268474

/Users/joakim/ewk/ewk_mbj_ntuples/histfitter/2.4.28-0-1-77-gd12fe93/user.jolsson.mc15_13TeV.100020.MGPy8EG_A14N23LO_C1N2_Wh_550p0_50p0_bbqq_J10.DAOD_SUSY10.20170726_AFII_EXT0.merged
50000.0
51208.1479108

/Users/joakim/ewk/ewk_mbj_ntuples/histfitter/2.4.28-0-1-77-gd12fe93/user.jolsson.mc15_13TeV.100021.MGPy8EG_A14N23LO_C1N2_Wh_550p0_100p0_bbqq_J10.DAOD_SUSY10.20170726_AFII_EXT0.merged
50000.0
51370.0128663

/Users/joakim/ewk/ewk_mbj_ntuples/histfitter/2.4.28-0-1-77-gd12fe93/user.jolsson.mc15_13TeV.100022.MGPy8EG_A14N23LO_C1N2_Wh_550p0_150p0_bbqq_J10.DAOD_SUSY10.20170726_AFII_EXT0.merged
42600.0
43572.0044824

/Users/joakim/ewk/ewk_mbj_ntuples/histfitter/2.4.28-0-1-77-gd12fe93/user.jolsson.mc15_13TeV.100023.MGPy8EG_A14N23LO_C1N2_Wh_550p0_200p0_bbqq_J10.DAOD_SUSY10.20170726_AFII_EXT0.merged
50000.0
51340.7236552

/Users/joakim/ewk/ewk_mbj_ntuples/histfitter/2.4.28-0-1-77-gd12fe93/user.jolsson.mc15_13TeV.100024.MGPy8EG_A14N23LO_C1N2_Wh_600p0_0p0_bbqq_J10.DAOD_SUSY10.20170726_AFII_EXT0.merged
50000.0
51045.9860253

/Users/joakim/ewk/ewk_mbj_ntuples/histfitter/2.4.28-0-1-77-gd12fe93/user.jolsson.mc15_13TeV.100025.MGPy8EG_A14N23LO_C1N2_Wh_600p0_50p0_bbqq_J10.DAOD_SUSY10.20170726_AFII_EXT0.merged
50000.0
51074.5098734

/Users/joakim/ewk/ewk_mbj_ntuples/histfitter/2.4.28-0-1-77-gd12fe93/user.jolsson.mc15_13TeV.100026.MGPy8EG_A14N23LO_C1N2_Wh_600p0_100p0_bbqq_J10.DAOD_SUSY10.20170726_AFII_EXT0.merged
50000.0
51068.0816257

/Users/joakim/ewk/ewk_mbj_ntuples/histfitter/2.4.28-0-1-77-gd12fe93/user.jolsson.mc15_13TeV.100027.MGPy8EG_A14N23LO_C1N2_Wh_600p0_150p0_bbqq_J10.DAOD_SUSY10.20170726_AFII_EXT0.merged
50000.0
51125.9701073

/Users/joakim/ewk/ewk_mbj_ntuples/histfitter/2.4.28-0-1-77-gd12fe93/user.jolsson.mc15_13TeV.100028.MGPy8EG_A14N23LO_C1N2_Wh_700p0_0p0_bbqq_J10.DAOD_SUSY10.20170726_AFII_EXT0.merged
50000.0
50992.4672568

/Users/joakim/ewk/ewk_mbj_ntuples/histfitter/2.4.28-0-1-77-gd12fe93/user.jolsson.mc15_13TeV.100029.MGPy8EG_A14N23LO_C1N2_Wh_700p0_50p0_bbqq_J10.DAOD_SUSY10.20170726_AFII_EXT0.merged
49350.0
50345.9723793
